Starting Job ML-Constructive
Requirement already satisfied: numpy>=1.20.2 in /home/bloise/venv/lib/python3.9/site-packages (from -r requirements.txt (line 1)) (1.22.3)
Requirement already satisfied: scipy>=1.6.2 in /home/bloise/venv/lib/python3.9/site-packages (from -r requirements.txt (line 2)) (1.8.0)
Requirement already satisfied: tqdm>=4.59.0 in /home/bloise/venv/lib/python3.9/site-packages (from -r requirements.txt (line 3)) (4.64.0)
Requirement already satisfied: matplotlib>=3.3.4 in /home/bloise/venv/lib/python3.9/site-packages (from -r requirements.txt (line 4)) (3.5.1)
Requirement already satisfied: h5py>=2.10.0 in /home/bloise/venv/lib/python3.9/site-packages (from -r requirements.txt (line 5)) (3.6.0)
Requirement already satisfied: pandas>=1.2.2 in /home/bloise/venv/lib/python3.9/site-packages (from -r requirements.txt (line 6)) (1.4.2)
Requirement already satisfied: seaborn>=0.11.1 in /home/bloise/venv/lib/python3.9/site-packages (from -r requirements.txt (line 7)) (0.11.2)
Requirement already satisfied: pyproj>=2.6.1.post1 in /home/bloise/venv/lib/python3.9/site-packages (from -r requirements.txt (line 8)) (3.3.0)
Requirement already satisfied: torch>=1.7 in /home/bloise/venv/lib/python3.9/site-packages (from -r requirements.txt (line 9)) (1.11.0)
Requirement already satisfied: opencv-python>=4.5.1 in /home/bloise/venv/lib/python3.9/site-packages (from -r requirements.txt (line 10)) (4.5.5.64)
Requirement already satisfied: torchsummary>=1.5.1 in /home/bloise/venv/lib/python3.9/site-packages (from -r requirements.txt (line 11)) (1.5.1)
Requirement already satisfied: setuptools>=60.9.3 in /home/bloise/venv/lib/python3.9/site-packages (from -r requirements.txt (line 13)) (61.0.0)
Requirement already satisfied: Cython~=0.29.28 in /home/bloise/venv/lib/python3.9/site-packages (from -r requirements.txt (line 14)) (0.29.28)
Requirement already satisfied: tensorflow in /home/bloise/venv/lib/python3.9/site-packages (from -r requirements.txt (line 15)) (2.8.0)
Requirement already satisfied: python-dateutil>=2.7 in /home/bloise/venv/lib/python3.9/site-packages (from matplotlib>=3.3.4->-r requirements.txt (line 4)) (2.8.2)
Requirement already satisfied: cycler>=0.10 in /home/bloise/venv/lib/python3.9/site-packages (from matplotlib>=3.3.4->-r requirements.txt (line 4)) (0.11.0)
Requirement already satisfied: kiwisolver>=1.0.1 in /home/bloise/venv/lib/python3.9/site-packages (from matplotlib>=3.3.4->-r requirements.txt (line 4)) (1.4.2)
Requirement already satisfied: fonttools>=4.22.0 in /home/bloise/venv/lib/python3.9/site-packages (from matplotlib>=3.3.4->-r requirements.txt (line 4)) (4.31.2)
Requirement already satisfied: packaging>=20.0 in /home/bloise/venv/lib/python3.9/site-packages (from matplotlib>=3.3.4->-r requirements.txt (line 4)) (21.3)
Requirement already satisfied: pillow>=6.2.0 in /home/bloise/venv/lib/python3.9/site-packages (from matplotlib>=3.3.4->-r requirements.txt (line 4)) (9.1.0)
Requirement already satisfied: pyparsing>=2.2.1 in /home/bloise/venv/lib/python3.9/site-packages (from matplotlib>=3.3.4->-r requirements.txt (line 4)) (3.0.7)
Requirement already satisfied: pytz>=2020.1 in /home/bloise/venv/lib/python3.9/site-packages (from pandas>=1.2.2->-r requirements.txt (line 6)) (2022.1)
Requirement already satisfied: certifi in /home/bloise/venv/lib/python3.9/site-packages (from pyproj>=2.6.1.post1->-r requirements.txt (line 8)) (2021.10.8)
Requirement already satisfied: typing-extensions in /home/bloise/venv/lib/python3.9/site-packages (from torch>=1.7->-r requirements.txt (line 9)) (4.1.1)
Requirement already satisfied: opt-einsum>=2.3.2 in /home/bloise/venv/lib/python3.9/site-packages (from tensorflow->-r requirements.txt (line 15)) (3.3.0)
Requirement already satisfied: libclang>=9.0.1 in /home/bloise/venv/lib/python3.9/site-packages (from tensorflow->-r requirements.txt (line 15)) (13.0.0)
Requirement already satisfied: tensorboard<2.9,>=2.8 in /home/bloise/venv/lib/python3.9/site-packages (from tensorflow->-r requirements.txt (line 15)) (2.8.0)
Requirement already satisfied: six>=1.12.0 in /home/bloise/venv/lib/python3.9/site-packages (from tensorflow->-r requirements.txt (line 15)) (1.16.0)
Requirement already satisfied: tf-estimator-nightly==2.8.0.dev2021122109 in /home/bloise/venv/lib/python3.9/site-packages (from tensorflow->-r requirements.txt (line 15)) (2.8.0.dev2021122109)
Requirement already satisfied: astunparse>=1.6.0 in /home/bloise/venv/lib/python3.9/site-packages (from tensorflow->-r requirements.txt (line 15)) (1.6.3)
Requirement already satisfied: flatbuffers>=1.12 in /home/bloise/venv/lib/python3.9/site-packages (from tensorflow->-r requirements.txt (line 15)) (2.0)
Requirement already satisfied: protobuf>=3.9.2 in /home/bloise/venv/lib/python3.9/site-packages (from tensorflow->-r requirements.txt (line 15)) (3.20.0)
Requirement already satisfied: wrapt>=1.11.0 in /home/bloise/venv/lib/python3.9/site-packages (from tensorflow->-r requirements.txt (line 15)) (1.14.0)
Requirement already satisfied: keras-preprocessing>=1.1.1 in /home/bloise/venv/lib/python3.9/site-packages (from tensorflow->-r requirements.txt (line 15)) (1.1.2)
Requirement already satisfied: keras<2.9,>=2.8.0rc0 in /home/bloise/venv/lib/python3.9/site-packages (from tensorflow->-r requirements.txt (line 15)) (2.8.0)
Requirement already satisfied: termcolor>=1.1.0 in /home/bloise/venv/lib/python3.9/site-packages (from tensorflow->-r requirements.txt (line 15)) (1.1.0)
Requirement already satisfied: gast>=0.2.1 in /home/bloise/venv/lib/python3.9/site-packages (from tensorflow->-r requirements.txt (line 15)) (0.5.3)
Requirement already satisfied: google-pasta>=0.1.1 in /home/bloise/venv/lib/python3.9/site-packages (from tensorflow->-r requirements.txt (line 15)) (0.2.0)
Requirement already satisfied: absl-py>=0.4.0 in /home/bloise/venv/lib/python3.9/site-packages (from tensorflow->-r requirements.txt (line 15)) (1.0.0)
Requirement already satisfied: grpcio<2.0,>=1.24.3 in /home/bloise/venv/lib/python3.9/site-packages (from tensorflow->-r requirements.txt (line 15)) (1.44.0)
Requirement already satisfied: tensorflow-io-gcs-filesystem>=0.23.1 in /home/bloise/venv/lib/python3.9/site-packages (from tensorflow->-r requirements.txt (line 15)) (0.24.0)
Requirement already satisfied: wheel<1.0,>=0.23.0 in /home/bloise/venv/lib/python3.9/site-packages (from astunparse>=1.6.0->tensorflow->-r requirements.txt (line 15)) (0.37.1)
Requirement already satisfied: google-auth<3,>=1.6.3 in /home/bloise/venv/lib/python3.9/site-packages (from tensorboard<2.9,>=2.8->tensorflow->-r requirements.txt (line 15)) (2.6.2)
Requirement already satisfied: tensorboard-plugin-wit>=1.6.0 in /home/bloise/venv/lib/python3.9/site-packages (from tensorboard<2.9,>=2.8->tensorflow->-r requirements.txt (line 15)) (1.8.1)
Requirement already satisfied: tensorboard-data-server<0.7.0,>=0.6.0 in /home/bloise/venv/lib/python3.9/site-packages (from tensorboard<2.9,>=2.8->tensorflow->-r requirements.txt (line 15)) (0.6.1)
Requirement already satisfied: requests<3,>=2.21.0 in /home/bloise/venv/lib/python3.9/site-packages (from tensorboard<2.9,>=2.8->tensorflow->-r requirements.txt (line 15)) (2.27.1)
Requirement already satisfied: werkzeug>=0.11.15 in /home/bloise/venv/lib/python3.9/site-packages (from tensorboard<2.9,>=2.8->tensorflow->-r requirements.txt (line 15)) (2.1.1)
Requirement already satisfied: google-auth-oauthlib<0.5,>=0.4.1 in /home/bloise/venv/lib/python3.9/site-packages (from tensorboard<2.9,>=2.8->tensorflow->-r requirements.txt (line 15)) (0.4.6)
Requirement already satisfied: markdown>=2.6.8 in /home/bloise/venv/lib/python3.9/site-packages (from tensorboard<2.9,>=2.8->tensorflow->-r requirements.txt (line 15)) (3.3.6)
Requirement already satisfied: rsa<5,>=3.1.4 in /home/bloise/venv/lib/python3.9/site-packages (from google-auth<3,>=1.6.3->tensorboard<2.9,>=2.8->tensorflow->-r requirements.txt (line 15)) (4.8)
Requirement already satisfied: cachetools<6.0,>=2.0.0 in /home/bloise/venv/lib/python3.9/site-packages (from google-auth<3,>=1.6.3->tensorboard<2.9,>=2.8->tensorflow->-r requirements.txt (line 15)) (5.0.0)
Requirement already satisfied: pyasn1-modules>=0.2.1 in /home/bloise/venv/lib/python3.9/site-packages (from google-auth<3,>=1.6.3->tensorboard<2.9,>=2.8->tensorflow->-r requirements.txt (line 15)) (0.2.8)
Requirement already satisfied: requests-oauthlib>=0.7.0 in /home/bloise/venv/lib/python3.9/site-packages (from google-auth-oauthlib<0.5,>=0.4.1->tensorboard<2.9,>=2.8->tensorflow->-r requirements.txt (line 15)) (1.3.1)
Requirement already satisfied: importlib-metadata>=4.4 in /home/bloise/venv/lib/python3.9/site-packages (from markdown>=2.6.8->tensorboard<2.9,>=2.8->tensorflow->-r requirements.txt (line 15)) (4.11.3)
Requirement already satisfied: idna<4,>=2.5 in /home/bloise/venv/lib/python3.9/site-packages (from requests<3,>=2.21.0->tensorboard<2.9,>=2.8->tensorflow->-r requirements.txt (line 15)) (3.3)
Requirement already satisfied: charset-normalizer~=2.0.0 in /home/bloise/venv/lib/python3.9/site-packages (from requests<3,>=2.21.0->tensorboard<2.9,>=2.8->tensorflow->-r requirements.txt (line 15)) (2.0.12)
Requirement already satisfied: urllib3<1.27,>=1.21.1 in /home/bloise/venv/lib/python3.9/site-packages (from requests<3,>=2.21.0->tensorboard<2.9,>=2.8->tensorflow->-r requirements.txt (line 15)) (1.26.9)
Requirement already satisfied: zipp>=0.5 in /home/bloise/venv/lib/python3.9/site-packages (from importlib-metadata>=4.4->markdown>=2.6.8->tensorboard<2.9,>=2.8->tensorflow->-r requirements.txt (line 15)) (3.8.0)
Requirement already satisfied: pyasn1<0.5.0,>=0.4.6 in /home/bloise/venv/lib/python3.9/site-packages (from pyasn1-modules>=0.2.1->google-auth<3,>=1.6.3->tensorboard<2.9,>=2.8->tensorflow->-r requirements.txt (line 15)) (0.4.8)
Requirement already satisfied: oauthlib>=3.0.0 in /home/bloise/venv/lib/python3.9/site-packages (from requests-oauthlib>=0.7.0->google-auth-oauthlib<0.5,>=0.4.1->tensorboard<2.9,>=2.8->tensorflow->-r requirements.txt (line 15)) (3.2.0)
Obtaining file:///home/bloise/mthesis/ML-Constructive/pyconcorde
  Installing build dependencies: started
  Installing build dependencies: finished with status 'done'
  Checking if build backend supports build_editable: started
  Checking if build backend supports build_editable: finished with status 'done'
  Getting requirements to build wheel: started
  Getting requirements to build wheel: finished with status 'done'
  Installing backend dependencies: started
  Installing backend dependencies: finished with status 'done'
  Preparing metadata (pyproject.toml): started
  Preparing metadata (pyproject.toml): finished with status 'error'
Finished
